mode: atomic
github.com/onkarbanerjee/roundbalancer/cmd/echo/main.go:13.13,15.16 2 0
github.com/onkarbanerjee/roundbalancer/cmd/echo/main.go:15.16,19.3 2 0
github.com/onkarbanerjee/roundbalancer/cmd/echo/main.go:21.2,24.29 4 0
github.com/onkarbanerjee/roundbalancer/cmd/echo/main.go:24.29,28.3 2 0
github.com/onkarbanerjee/roundbalancer/cmd/echo/main.go:29.2,35.76 5 0
github.com/onkarbanerjee/roundbalancer/cmd/echo/main.go:35.76,37.3 1 0
github.com/onkarbanerjee/roundbalancer/cmd/loadbalancer/main.go:19.13,23.16 4 0
github.com/onkarbanerjee/roundbalancer/cmd/loadbalancer/main.go:23.16,27.3 2 0
github.com/onkarbanerjee/roundbalancer/cmd/loadbalancer/main.go:29.2,30.16 2 0
github.com/onkarbanerjee/roundbalancer/cmd/loadbalancer/main.go:30.16,34.3 2 0
github.com/onkarbanerjee/roundbalancer/cmd/loadbalancer/main.go:36.2,37.16 2 0
github.com/onkarbanerjee/roundbalancer/cmd/loadbalancer/main.go:37.16,41.3 2 0
github.com/onkarbanerjee/roundbalancer/cmd/loadbalancer/main.go:43.2,44.35 2 0
github.com/onkarbanerjee/roundbalancer/cmd/loadbalancer/main.go:44.35,47.17 3 0
github.com/onkarbanerjee/roundbalancer/cmd/loadbalancer/main.go:47.17,51.4 2 0
github.com/onkarbanerjee/roundbalancer/cmd/loadbalancer/main.go:53.3,55.17 3 0
github.com/onkarbanerjee/roundbalancer/cmd/loadbalancer/main.go:55.17,59.4 2 0
github.com/onkarbanerjee/roundbalancer/cmd/loadbalancer/main.go:61.3,65.20 2 0
github.com/onkarbanerjee/roundbalancer/cmd/loadbalancer/main.go:68.2,68.89 1 0
github.com/onkarbanerjee/roundbalancer/cmd/loadbalancer/main.go:68.89,70.3 1 0
github.com/onkarbanerjee/roundbalancer/pkg/backends/backends.go:18.84,26.2 1 0
github.com/onkarbanerjee/roundbalancer/pkg/backends/backends.go:27.36,33.2 3 0
github.com/onkarbanerjee/roundbalancer/pkg/backends/backends.go:35.54,41.2 4 0
github.com/onkarbanerjee/roundbalancer/pkg/backends/backends.go:51.45,53.2 1 0
github.com/onkarbanerjee/roundbalancer/pkg/backends/backends.go:55.58,57.2 1 0
github.com/onkarbanerjee/roundbalancer/mocks/mock_loadbalancer.go:32.69,36.2 3 0
github.com/onkarbanerjee/roundbalancer/mocks/mock_loadbalancer.go:39.67,41.2 1 0
github.com/onkarbanerjee/roundbalancer/mocks/mock_loadbalancer.go:44.62,50.2 5 0
github.com/onkarbanerjee/roundbalancer/mocks/mock_loadbalancer.go:53.74,57.2 3 0
github.com/onkarbanerjee/roundbalancer/mocks/mock_loadbalancer.go:65.105,68.2 2 0
github.com/onkarbanerjee/roundbalancer/mocks/mock_loadbalancer.go:71.102,74.2 2 0
github.com/onkarbanerjee/roundbalancer/mocks/mock_loadbalancer.go:77.111,80.2 2 0
github.com/onkarbanerjee/roundbalancer/mocks/mock_pool.go:32.75,36.2 3 0
github.com/onkarbanerjee/roundbalancer/mocks/mock_pool.go:39.73,41.2 1 0
github.com/onkarbanerjee/roundbalancer/mocks/mock_pool.go:44.68,49.2 4 0
github.com/onkarbanerjee/roundbalancer/mocks/mock_pool.go:52.100,56.2 3 0
github.com/onkarbanerjee/roundbalancer/mocks/mock_pool.go:64.121,67.2 2 0
github.com/onkarbanerjee/roundbalancer/mocks/mock_pool.go:70.121,73.2 2 0
github.com/onkarbanerjee/roundbalancer/mocks/mock_pool.go:76.130,79.2 2 0
github.com/onkarbanerjee/roundbalancer/config/config.go:19.45,21.16 2 3
github.com/onkarbanerjee/roundbalancer/config/config.go:21.16,23.3 1 1
github.com/onkarbanerjee/roundbalancer/config/config.go:24.2,27.62 3 2
github.com/onkarbanerjee/roundbalancer/config/config.go:27.62,29.3 1 1
github.com/onkarbanerjee/roundbalancer/config/config.go:31.2,31.21 1 1
github.com/onkarbanerjee/roundbalancer/internal/echo/server.go:16.55,18.2 1 3
github.com/onkarbanerjee/roundbalancer/internal/echo/server.go:19.63,20.33 1 3
github.com/onkarbanerjee/roundbalancer/internal/echo/server.go:20.33,25.3 3 1
github.com/onkarbanerjee/roundbalancer/internal/echo/server.go:27.2,29.16 3 2
github.com/onkarbanerjee/roundbalancer/internal/echo/server.go:29.16,34.3 3 1
github.com/onkarbanerjee/roundbalancer/internal/echo/server.go:36.2,36.15 1 1
github.com/onkarbanerjee/roundbalancer/internal/echo/server.go:36.15,38.17 2 1
github.com/onkarbanerjee/roundbalancer/internal/echo/server.go:38.17,40.4 1 0
github.com/onkarbanerjee/roundbalancer/internal/echo/server.go:43.2,46.16 4 1
github.com/onkarbanerjee/roundbalancer/internal/echo/server.go:46.16,51.3 3 0
github.com/onkarbanerjee/roundbalancer/internal/echo/server.go:53.2,53.103 1 1
github.com/onkarbanerjee/roundbalancer/internal/echo/server.go:56.67,58.2 1 0
github.com/onkarbanerjee/roundbalancer/pkg/dispatcher/dispatcher.go:20.161,26.2 1 3
github.com/onkarbanerjee/roundbalancer/pkg/dispatcher/dispatcher.go:27.83,28.39 1 3
github.com/onkarbanerjee/roundbalancer/pkg/dispatcher/dispatcher.go:28.39,33.3 3 1
github.com/onkarbanerjee/roundbalancer/pkg/dispatcher/dispatcher.go:34.2,35.40 2 2
github.com/onkarbanerjee/roundbalancer/pkg/dispatcher/dispatcher.go:35.40,40.3 3 1
github.com/onkarbanerjee/roundbalancer/pkg/dispatcher/dispatcher.go:41.2,42.50 2 1
github.com/onkarbanerjee/roundbalancer/pkg/dispatcher/dispatcher.go:45.46,49.16 3 0
github.com/onkarbanerjee/roundbalancer/pkg/dispatcher/dispatcher.go:49.16,51.3 1 0
github.com/onkarbanerjee/roundbalancer/pkg/loadbalancer/roundrobin.go:18.63,20.2 1 2
github.com/onkarbanerjee/roundbalancer/pkg/loadbalancer/roundrobin.go:22.56,27.37 5 7
github.com/onkarbanerjee/roundbalancer/pkg/loadbalancer/roundrobin.go:27.37,29.33 2 10
github.com/onkarbanerjee/roundbalancer/pkg/loadbalancer/roundrobin.go:29.33,33.9 3 6
github.com/onkarbanerjee/roundbalancer/pkg/loadbalancer/roundrobin.go:36.2,36.12 1 7
github.com/onkarbanerjee/roundbalancer/pkg/loadbalancer/roundrobin.go:36.12,38.3 1 1
github.com/onkarbanerjee/roundbalancer/pkg/loadbalancer/roundrobin.go:39.2,41.25 3 6
github.com/onkarbanerjee/roundbalancer/pkg/livenesschecker/livenesschecker.go:17.43,19.35 2 4
github.com/onkarbanerjee/roundbalancer/pkg/livenesschecker/livenesschecker.go:19.35,22.3 2 8
github.com/onkarbanerjee/roundbalancer/pkg/livenesschecker/livenesschecker.go:25.57,27.2 1 1
github.com/onkarbanerjee/roundbalancer/internal/loadbalancer/server.go:15.121,33.2 7 1
